PLINK v1.90b6.21 64-bit (19 Oct 2020)
Options in effect:
  --biallelic-only
  --maf 0.05
  --out chr22
  --recode vcf
  --vcf /home/szhou/DSC180/data/raw/vcfs/ALL.chr22.phase1_release_v3.20101123.snps_indels_svs.genotypes.vcf.gz

Hostname: szhou-27886
Working directory: /home/szhou/DSC180
Start time: Tue Nov 29 17:21:40 2022

Random number seed: 1669771300
257652 MB RAM detected; reserving 128826 MB for main workspace.
--vcf: chr22-temporary.bed + chr22-temporary.bim + chr22-temporary.fam written.
494328 variants loaded from .bim file.
1092 people (0 males, 0 females, 1092 ambiguous) loaded from .fam.
Ambiguous sex IDs written to chr22.nosex .
Using 1 thread (no multithreaded calculations invoked).
Before main variant filters, 1092 founders and 0 nonfounders present.
Calculating allele frequencies... done.
393101 variants removed due to minor allele threshold(s)
(--maf/--max-maf/--mac/--max-mac).
101227 variants and 1092 people pass filters and QC.
Note: No phenotypes present.
--recode vcf to chr22.vcf ... done.

End time: Tue Nov 29 17:22:42 2022
